Mar-10 14:42:15.907 [main] DEBUG nextflow.cli.Launcher - $> nextflow run main.nf -resume
Mar-10 14:42:16.112 [main] DEBUG nextflow.cli.CmdRun - N E X T F L O W  ~  version 24.10.4
Mar-10 14:42:16.135 [main] DEBUG nextflow.plugin.PluginsFacade - Setting up plugin manager > mode=prod; embedded=false; plugins-dir=/home/m3/.nextflow/plugins; core-plugins: nf-amazon@2.9.2,nf-azure@1.10.2,nf-cloudcache@0.4.2,nf-codecommit@0.2.2,nf-console@1.1.4,nf-google@1.15.3,nf-tower@1.9.3,nf-wave@1.7.4
Mar-10 14:42:16.172 [main] INFO  o.pf4j.DefaultPluginStatusProvider - Enabled plugins: []
Mar-10 14:42:16.173 [main] INFO  o.pf4j.DefaultPluginStatusProvider - Disabled plugins: []
Mar-10 14:42:16.178 [main] INFO  org.pf4j.DefaultPluginManager - PF4J version 3.12.0 in 'deployment' mode
Mar-10 14:42:16.208 [main] INFO  org.pf4j.AbstractPluginManager - No plugins
Mar-10 14:42:16.242 [main] DEBUG nextflow.config.ConfigBuilder - Found config home: /home/m3/.nextflow/config
Mar-10 14:42:16.247 [main] DEBUG nextflow.config.ConfigBuilder - Found config local: /home/m3/pipeline_nf/projectDir/nextflow.config
Mar-10 14:42:16.250 [main] DEBUG nextflow.config.ConfigBuilder - Parsing config file: /home/m3/.nextflow/config
Mar-10 14:42:16.250 [main] DEBUG nextflow.config.ConfigBuilder - Parsing config file: /home/m3/pipeline_nf/projectDir/nextflow.config
Mar-10 14:42:16.304 [main] DEBUG n.secret.LocalSecretsProvider - Secrets store: /home/m3/.nextflow/secrets/store.json
Mar-10 14:42:16.309 [main] DEBUG nextflow.secret.SecretsLoader - Discovered secrets providers: [nextflow.secret.LocalSecretsProvider@56f2bbea] - activable => nextflow.secret.LocalSecretsProvider@56f2bbea
Mar-10 14:42:16.317 [main] DEBUG nextflow.config.ConfigBuilder - Applying config profile: `standard`
Mar-10 14:42:16.810 [main] DEBUG nextflow.config.ConfigBuilder - Applying config profile: `standard`
Mar-10 14:42:17.144 [main] DEBUG nextflow.cli.CmdRun - Applied DSL=2 from script declaration
Mar-10 14:42:17.161 [main] DEBUG nextflow.cli.CmdRun - Launching `main.nf` [scruffy_yonath] DSL2 - revision: 9a51256643
Mar-10 14:42:17.163 [main] DEBUG nextflow.plugin.PluginsFacade - Plugins default=[]
Mar-10 14:42:17.163 [main] DEBUG nextflow.plugin.PluginsFacade - Plugins resolved requirement=[]
Mar-10 14:42:17.222 [main] DEBUG nextflow.Session - Session UUID: 7431f0fb-5f71-4813-8ad0-ccba3858c119
Mar-10 14:42:17.223 [main] DEBUG nextflow.Session - Run name: scruffy_yonath
Mar-10 14:42:17.223 [main] DEBUG nextflow.Session - Executor pool size: 20
Mar-10 14:42:17.233 [main] DEBUG nextflow.file.FilePorter - File porter settings maxRetries=3; maxTransfers=50; pollTimeout=null
Mar-10 14:42:17.240 [main] DEBUG nextflow.util.ThreadPoolBuilder - Creating thread pool 'FileTransfer' minSize=10; maxSize=60; workQueue=LinkedBlockingQueue[10000]; allowCoreThreadTimeout=false
Mar-10 14:42:17.263 [main] DEBUG nextflow.cli.CmdRun - 
  Version: 24.10.4 build 5934
  Created: 20-01-2025 16:47 UTC (16:47 GMT)
  System: Linux 6.8.0-52-generic
  Runtime: Groovy 4.0.23 on OpenJDK 64-Bit Server VM 21-internal-adhoc.conda.src
  Encoding: UTF-8 (UTF-8)
  Process: 33976@m3-HP-ZBook-Studio-16-inch-G9-Mobile-Workstation-PC [127.0.1.1]
  CPUs: 20 - Mem: 31 GB (7.1 GB) - Swap: 2 GB (2 GB)
Mar-10 14:42:17.330 [main] DEBUG nextflow.Session - Work-dir: /home/m3/pipeline_nf/projectDir/work [ext2/ext3]
Mar-10 14:42:17.331 [main] DEBUG nextflow.Session - Script base path does not exist or is not a directory: /home/m3/pipeline_nf/projectDir/bin
Mar-10 14:42:17.347 [main] DEBUG nextflow.executor.ExecutorFactory - Extension executors providers=[]
Mar-10 14:42:17.370 [main] DEBUG nextflow.Session - Observer factory: DefaultObserverFactory
Mar-10 14:42:17.399 [main] DEBUG nextflow.cache.CacheFactory - Using Nextflow cache factory: nextflow.cache.DefaultCacheFactory
Mar-10 14:42:17.411 [main] DEBUG nextflow.util.CustomThreadPool - Creating default thread pool > poolSize: 21; maxThreads: 1000
Mar-10 14:42:17.517 [main] DEBUG nextflow.Session - Session start
Mar-10 14:42:17.720 [main] DEBUG nextflow.script.ScriptRunner - > Launching execution
Mar-10 14:42:18.448 [main] DEBUG nextflow.script.ProcessConfig - Config settings `withLabel:process_low` matches labels `process_low` for process with name FASTQC
Mar-10 14:42:18.458 [main] DEBUG nextflow.executor.ExecutorFactory - << taskConfig executor: null
Mar-10 14:42:18.459 [main] DEBUG nextflow.executor.ExecutorFactory - >> processorType: 'local'
Mar-10 14:42:18.466 [main] DEBUG nextflow.executor.Executor - [warm up] executor > local
Mar-10 14:42:18.475 [main] DEBUG n.processor.LocalPollingMonitor - Creating local task monitor for executor 'local' > cpus=16; memory=128 GB; capacity=20; pollInterval=100ms; dumpInterval=5m
Mar-10 14:42:18.477 [main] DEBUG n.processor.TaskPollingMonitor - >>> barrier register (monitor: local)
Mar-10 14:42:18.547 [main] DEBUG nextflow.script.ProcessConfig - Config settings `withLabel:process_medium` matches labels `process_medium` for process with name FASTP
Mar-10 14:42:18.553 [main] DEBUG nextflow.executor.ExecutorFactory - << taskConfig executor: null
Mar-10 14:42:18.553 [main] DEBUG nextflow.executor.ExecutorFactory - >> processorType: 'local'
Mar-10 14:42:18.564 [main] DEBUG nextflow.script.ProcessConfig - Config settings `withLabel:process_high` matches labels `process_high` for process with name SPADES
Mar-10 14:42:18.566 [main] DEBUG nextflow.executor.ExecutorFactory - << taskConfig executor: null
Mar-10 14:42:18.566 [main] DEBUG nextflow.executor.ExecutorFactory - >> processorType: 'local'
Mar-10 14:42:18.575 [main] DEBUG nextflow.script.ProcessConfig - Config settings `withLabel:process_high` matches labels `process_high` for process with name KRAKEN2
Mar-10 14:42:18.576 [main] DEBUG nextflow.executor.ExecutorFactory - << taskConfig executor: null
Mar-10 14:42:18.576 [main] DEBUG nextflow.executor.ExecutorFactory - >> processorType: 'local'
Mar-10 14:42:18.584 [main] DEBUG nextflow.script.ProcessConfig - Config settings `withLabel:process_medium` matches labels `process_medium` for process with name CHECKM2
Mar-10 14:42:18.585 [main] DEBUG nextflow.executor.ExecutorFactory - << taskConfig executor: null
Mar-10 14:42:18.585 [main] DEBUG nextflow.executor.ExecutorFactory - >> processorType: 'local'
Mar-10 14:42:18.593 [main] DEBUG nextflow.script.ProcessConfig - Config settings `withLabel:process_medium` matches labels `process_medium` for process with name QUAST
Mar-10 14:42:18.593 [main] DEBUG nextflow.executor.ExecutorFactory - << taskConfig executor: null
Mar-10 14:42:18.594 [main] DEBUG nextflow.executor.ExecutorFactory - >> processorType: 'local'
Mar-10 14:42:18.600 [main] DEBUG nextflow.script.ProcessConfig - Config settings `withLabel:process_medium` matches labels `process_medium` for process with name ABRICATE
Mar-10 14:42:18.601 [main] DEBUG nextflow.executor.ExecutorFactory - << taskConfig executor: null
Mar-10 14:42:18.601 [main] DEBUG nextflow.executor.ExecutorFactory - >> processorType: 'local'
Mar-10 14:42:18.608 [main] DEBUG nextflow.script.ProcessConfig - Config settings `withLabel:process_medium` matches labels `process_medium` for process with name MLST
Mar-10 14:42:18.610 [main] DEBUG nextflow.executor.ExecutorFactory - << taskConfig executor: null
Mar-10 14:42:18.610 [main] DEBUG nextflow.executor.ExecutorFactory - >> processorType: 'local'
Mar-10 14:42:18.628 [main] DEBUG nextflow.script.ProcessConfig - Config settings `withLabel:process_low` matches labels `process_low` for process with name MULTIQC
Mar-10 14:42:18.629 [main] DEBUG nextflow.executor.ExecutorFactory - << taskConfig executor: null
Mar-10 14:42:18.630 [main] DEBUG nextflow.executor.ExecutorFactory - >> processorType: 'local'
Mar-10 14:42:18.634 [main] DEBUG nextflow.Session - Workflow process names [dsl2]: FASTQC, QUAST, MLST, SPADES, CHECKM2, MULTIQC, FASTP, ABRICATE, KRAKEN2
Mar-10 14:42:18.635 [main] DEBUG nextflow.Session - Igniting dataflow network (10)
Mar-10 14:42:18.643 [main] DEBUG nextflow.processor.TaskProcessor - Starting process > FASTQC
Mar-10 14:42:18.643 [PathVisitor-1] DEBUG nextflow.file.PathVisitor - files for syntax: glob; folder: /home/m3/pipeline_nf/projectDir/data/; pattern: *R{1,2}.fastq.gz; options: [checkIfExists:true]
Mar-10 14:42:18.643 [main] DEBUG nextflow.processor.TaskProcessor - Starting process > FASTP
Mar-10 14:42:18.644 [main] DEBUG nextflow.processor.TaskProcessor - Starting process > SPADES
Mar-10 14:42:18.644 [main] DEBUG nextflow.processor.TaskProcessor - Starting process > KRAKEN2
Mar-10 14:42:18.644 [main] DEBUG nextflow.processor.TaskProcessor - Starting process > CHECKM2
Mar-10 14:42:18.644 [main] DEBUG nextflow.processor.TaskProcessor - Starting process > QUAST
Mar-10 14:42:18.645 [main] DEBUG nextflow.processor.TaskProcessor - Starting process > ABRICATE
Mar-10 14:42:18.645 [main] DEBUG nextflow.processor.TaskProcessor - Starting process > MLST
Mar-10 14:42:18.645 [main] DEBUG nextflow.processor.TaskProcessor - Starting process > MULTIQC
Mar-10 14:42:18.646 [main] DEBUG nextflow.script.ScriptRunner - Parsed script files:
  Script_2137692baef2a586: /home/m3/pipeline_nf/projectDir/./modules/multiqc.nf
  Script_1f00a9b1481efadc: /home/m3/pipeline_nf/projectDir/./modules/fastp.nf
  Script_7206ad6dba35fbde: /home/m3/pipeline_nf/projectDir/./modules/mlst.nf
  Script_a2273f487050eb86: /home/m3/pipeline_nf/projectDir/./modules/quast.nf
  Script_c0ebd6dda7b67f2d: /home/m3/pipeline_nf/projectDir/./modules/fastqc.nf
  Script_8ee11b9d49afa18e: /home/m3/pipeline_nf/projectDir/./modules/checkm2.nf
  Script_0a8185848badd3c9: /home/m3/pipeline_nf/projectDir/main.nf
  Script_e1ff024113f3a196: /home/m3/pipeline_nf/projectDir/./modules/spades.nf
  Script_95054455170e21b5: /home/m3/pipeline_nf/projectDir/./modules/abricate.nf
  Script_96137e395cf8b9e1: /home/m3/pipeline_nf/projectDir/./modules/kraken2.nf
Mar-10 14:42:18.646 [main] DEBUG nextflow.script.ScriptRunner - > Awaiting termination 
Mar-10 14:42:18.646 [main] DEBUG nextflow.Session - Session await
Mar-10 14:42:18.940 [Actor Thread 12] INFO  nextflow.processor.TaskProcessor - [f9/9c744f] Cached process > FASTQC (61_S42_combined)
Mar-10 14:42:18.940 [Actor Thread 18] INFO  nextflow.processor.TaskProcessor - [4f/dedf19] Cached process > FASTP (72_S61_combined)
Mar-10 14:42:18.940 [Actor Thread 21] INFO  nextflow.processor.TaskProcessor - [ff/3318a9] Cached process > FASTQC (72_S61_combined)
Mar-10 14:42:18.940 [Actor Thread 14] INFO  nextflow.processor.TaskProcessor - [cc/1e6f3b] Cached process > FASTP (61_S42_combined)
Mar-10 14:42:18.982 [Actor Thread 9] INFO  nextflow.processor.TaskProcessor - [d5/84d365] Cached process > SPADES (61_S42_combined)
Mar-10 14:42:18.982 [Actor Thread 21] DEBUG nextflow.util.ThreadPoolBuilder - Creating thread pool 'PublishDir' minSize=10; maxSize=60; workQueue=LinkedBlockingQueue[10000]; allowCoreThreadTimeout=false
Mar-10 14:42:18.984 [Actor Thread 16] INFO  nextflow.processor.TaskProcessor - [11/96c1d9] Cached process > SPADES (72_S61_combined)
Mar-10 14:42:19.002 [Actor Thread 6] INFO  nextflow.processor.TaskProcessor - [6a/49c398] Cached process > MLST (61_S42_combined)
Mar-10 14:42:19.004 [Actor Thread 3] INFO  nextflow.processor.TaskProcessor - [c2/4383d1] Cached process > QUAST (61_S42_combined)
Mar-10 14:42:19.005 [Actor Thread 24] INFO  nextflow.processor.TaskProcessor - [d7/47ad54] Cached process > MLST (72_S61_combined)
Mar-10 14:42:19.004 [Actor Thread 15] INFO  nextflow.processor.TaskProcessor - [31/2f84d8] Cached process > QUAST (72_S61_combined)
Mar-10 14:42:19.010 [Actor Thread 8] INFO  nextflow.processor.TaskProcessor - [07/d0f210] Cached process > CHECKM2 (72_S61_combined)
Mar-10 14:42:19.011 [Actor Thread 2] INFO  nextflow.processor.TaskProcessor - [49/19905a] Cached process > CHECKM2 (61_S42_combined)
Mar-10 14:42:19.025 [Actor Thread 23] INFO  nextflow.processor.TaskProcessor - [bf/f74e89] Cached process > ABRICATE (72_S61_combined)
Mar-10 14:42:19.026 [Actor Thread 22] INFO  nextflow.processor.TaskProcessor - [3b/48394b] Cached process > ABRICATE (61_S42_combined)
Mar-10 14:42:19.106 [Task submitter] DEBUG n.executor.local.LocalTaskHandler - Launch cmd line: /bin/bash -ue .command.run
Mar-10 14:42:19.109 [Task submitter] INFO  nextflow.Session - [00/1cf467] Submitted process > KRAKEN2 (61_S42_combined)
Mar-10 14:42:24.293 [Task monitor] DEBUG n.processor.TaskPollingMonitor - Task completed > TaskHandler[id: 11; name: KRAKEN2 (61_S42_combined); status: COMPLETED; exit: 0; error: -; workDir: /home/m3/pipeline_nf/projectDir/work/00/1cf46770d0ad8b6528d6defa1003b8]
Mar-10 14:42:24.295 [Task monitor] DEBUG nextflow.util.ThreadPoolBuilder - Creating thread pool 'TaskFinalizer' minSize=10; maxSize=60; workQueue=LinkedBlockingQueue[10000]; allowCoreThreadTimeout=false
Mar-10 14:42:24.304 [Task submitter] DEBUG n.executor.local.LocalTaskHandler - Launch cmd line: /bin/bash -ue .command.run
Mar-10 14:42:24.304 [TaskFinalizer-1] DEBUG nextflow.processor.TaskProcessor - Process `KRAKEN2 (61_S42_combined)` is unable to find [UnixPath]: `/home/m3/pipeline_nf/projectDir/work/00/1cf46770d0ad8b6528d6defa1003b8/61_S42_combined_kraken2.txt` (pattern: `61_S42_combined_kraken2.txt`)
Mar-10 14:42:24.304 [Task submitter] INFO  nextflow.Session - [09/5ceeac] Submitted process > KRAKEN2 (72_S61_combined)
Mar-10 14:42:24.314 [TaskFinalizer-1] DEBUG nextflow.processor.TaskProcessor - Handling unexpected condition for
  task: name=KRAKEN2 (61_S42_combined); work-dir=/home/m3/pipeline_nf/projectDir/work/00/1cf46770d0ad8b6528d6defa1003b8
  error [nextflow.exception.MissingFileException]: Missing output file(s) `61_S42_combined_kraken2.txt` expected by process `KRAKEN2 (61_S42_combined)`
Mar-10 14:42:24.358 [TaskFinalizer-1] ERROR nextflow.processor.TaskProcessor - Error executing process > 'KRAKEN2 (61_S42_combined)'

Caused by:
  Missing output file(s) `61_S42_combined_kraken2.txt` expected by process `KRAKEN2 (61_S42_combined)`


Command executed:

  kraken2         --db /db/minikraken2_v1_8GB         --threads 12         --output 61_S42_combined_kraken2.txt         --report 61_S42_combined_kraken2_report.tsv         61_S42_combined/contigs.fasta

Command exit status:
  0

Command output:
  (empty)

Command error:
  Loading database information... done.
  0 sequences (0.00 Mbp) processed in 0.002s (0.0 Kseq/m, 0.00 Mbp/m).
    0 sequences classified (-nan%)
    0 sequences unclassified (-nan%)

Work dir:
  /home/m3/pipeline_nf/projectDir/work/00/1cf46770d0ad8b6528d6defa1003b8

Container:
  staphb/kraken2

Tip: when you have fixed the problem you can continue the execution adding the option `-resume` to the run command line
Mar-10 14:42:24.364 [TaskFinalizer-1] DEBUG nextflow.Session - Session aborted -- Cause: Missing output file(s) `61_S42_combined_kraken2.txt` expected by process `KRAKEN2 (61_S42_combined)`
Mar-10 14:42:24.383 [TaskFinalizer-1] DEBUG nextflow.Session - The following nodes are still active:
[process] MULTIQC
  status=ACTIVE
  port 0: (value) bound ; channel: fastqc_reports
  port 1: (value) bound ; channel: fastp_reports
  port 2: (value) bound ; channel: quast_reports
  port 3: (queue) OPEN  ; channel: kraken_reports
  port 4: (cntrl) -     ; channel: $

Mar-10 14:42:24.391 [Task monitor] DEBUG n.processor.TaskPollingMonitor - <<< barrier arrives (monitor: local) - terminating tasks monitor poll loop
Mar-10 14:42:24.392 [TaskFinalizer-1] DEBUG nextflow.Session - 
Thread[#84,PublishDir-9,5,main]
  java.base@21-internal/jdk.internal.misc.Unsafe.park(Native Method)
  java.base@21-internal/java.util.concurrent.locks.LockSupport.park(LockSupport.java:371)
  java.base@21-internal/java.util.concurrent.locks.AbstractQueuedSynchronizer$ConditionNode.block(AbstractQueuedSynchronizer.java:519)
  java.base@21-internal/java.util.concurrent.ForkJoinPool.unmanagedBlock(ForkJoinPool.java:3780)
  java.base@21-internal/java.util.concurrent.ForkJoinPool.managedBlock(ForkJoinPool.java:3725)
  java.base@21-internal/java.util.concurrent.locks.AbstractQueuedSynchronizer$ConditionObject.await(AbstractQueuedSynchronizer.java:1707)
  java.base@21-internal/java.util.concurrent.LinkedBlockingQueue.take(LinkedBlockingQueue.java:435)
  java.base@21-internal/java.util.concurrent.ThreadPoolExecutor.getTask(ThreadPoolExecutor.java:1070)
  java.base@21-internal/java.util.concurrent.ThreadPoolExecutor.runWorker(ThreadPoolExecutor.java:1130)
  java.base@21-internal/java.util.concurrent.ThreadPoolExecutor$Worker.run(ThreadPoolExecutor.java:642)
  java.base@21-internal/java.lang.Thread.runWith(Thread.java:1596)
  java.base@21-internal/java.lang.Thread.run(Thread.java:1583)

Thread[#53,Task monitor,5,main]
  java.base@21-internal/jdk.internal.misc.Unsafe.park(Native Method)
  java.base@21-internal/java.util.concurrent.locks.LockSupport.parkNanos(LockSupport.java:269)
  java.base@21-internal/java.util.concurrent.locks.AbstractQueuedSynchronizer$ConditionObject.await(AbstractQueuedSynchronizer.java:1847)
  app//nextflow.processor.TaskPollingMonitor$_await_closure5.doCall(TaskPollingMonitor.groovy:529)
  app//nextflow.processor.TaskPollingMonitor$_await_closure5.call(TaskPollingMonitor.groovy)
  app//nextflow.extension.Bolts.withLock(Bolts.groovy:337)
  app//nextflow.extension.Bolts.withLock(Bolts.groovy)
  app//nextflow.processor.TaskPollingMonitor.await(TaskPollingMonitor.groovy:528)
  app//nextflow.processor.TaskPollingMonitor.pollLoop(TaskPollingMonitor.groovy:453)
  java.base@21-internal/java.lang.invoke.LambdaForm$DMH/0x0000789d1c1a9c00.invokeVirtual(LambdaForm$DMH)
  java.base@21-internal/java.lang.invoke.LambdaForm$MH/0x0000789d1c344000.invoke(LambdaForm$MH)
  java.base@21-internal/java.lang.invoke.Invokers$Holder.invokeExact_MT(Invokers$Holder)
  java.base@21-internal/jdk.internal.reflect.DirectMethodHandleAccessor.invokeImpl(DirectMethodHandleAccessor.java:153)
  java.base@21-internal/jdk.internal.reflect.DirectMethodHandleAccessor.invoke(DirectMethodHandleAccessor.java:103)
  java.base@21-internal/java.lang.reflect.Method.invoke(Method.java:580)
  app//org.codehaus.groovy.reflection.CachedMethod.invoke(CachedMethod.java:343)
  app//groovy.lang.MetaMethod.doMethodInvoke(MetaMethod.java:328)
  app//groovy.lang.MetaClassImpl.doInvokeMethod(MetaClassImpl.java:1333)
  app//groovy.lang.MetaClassImpl.invokeMethod(MetaClassImpl.java:1088)
  app//groovy.lang.MetaClassImpl.invokeMethod(MetaClassImpl.java:1007)
  app//org.codehaus.groovy.runtime.InvokerHelper.invokePogoMethod(InvokerHelper.java:645)
  app//org.codehaus.groovy.runtime.InvokerHelper.invokeMethod(InvokerHelper.java:628)
  app//org.codehaus.groovy.runtime.InvokerHelper.invokeMethodSafe(InvokerHelper.java:82)
  app//nextflow.processor.TaskPollingMonitor$_start_closure2.doCall(TaskPollingMonitor.groovy:318)
  app//nextflow.processor.TaskPollingMonitor$_start_closure2.call(TaskPollingMonitor.groovy)
  app//groovy.lang.Closure.run(Closure.java:505)
  java.base@21-internal/java.lang.Thread.runWith(Thread.java:1596)
  java.base@21-internal/java.lang.Thread.run(Thread.java:1583)

Thread[#50,Actor Thread 1,5,main]
  java.base@21-internal/jdk.internal.misc.Unsafe.park(Native Method)
  java.base@21-internal/java.util.concurrent.locks.LockSupport.parkNanos(LockSupport.java:269)
  java.base@21-internal/java.util.concurrent.SynchronousQueue$TransferStack.transfer(SynchronousQueue.java:401)
  java.base@21-internal/java.util.concurrent.SynchronousQueue.poll(SynchronousQueue.java:903)
  java.base@21-internal/java.util.concurrent.ThreadPoolExecutor.getTask(ThreadPoolExecutor.java:1069)
  java.base@21-internal/java.util.concurrent.ThreadPoolExecutor.runWorker(ThreadPoolExecutor.java:1130)
  java.base@21-internal/java.util.concurrent.ThreadPoolExecutor$Worker.run(ThreadPoolExecutor.java:642)
  java.base@21-internal/java.lang.Thread.runWith(Thread.java:1596)
  java.base@21-internal/java.lang.Thread.run(Thread.java:1583)

Thread[#72,Actor Thread 20,5,main]
  java.base@21-internal/jdk.internal.misc.Unsafe.park(Native Method)
  java.base@21-internal/java.util.concurrent.locks.LockSupport.parkNanos(LockSupport.java:269)
  java.base@21-internal/java.util.concurrent.SynchronousQueue$TransferStack.transfer(SynchronousQueue.java:401)
  java.base@21-internal/java.util.concurrent.SynchronousQueue.poll(SynchronousQueue.java:903)
  java.base@21-internal/java.util.concurrent.ThreadPoolExecutor.getTask(ThreadPoolExecutor.java:1069)
  java.base@21-internal/java.util.concurrent.ThreadPoolExecutor.runWorker(ThreadPoolExecutor.java:1130)
  java.base@21-internal/java.util.concurrent.ThreadPoolExecutor$Worker.run(ThreadPoolExecutor.java:642)
  java.base@21-internal/java.lang.Thread.runWith(Thread.java:1596)
  java.base@21-internal/java.lang.Thread.run(Thread.java:1583)

Thread[#26,Common-Cleaner,8,InnocuousThreadGroup]
  java.base@21-internal/jdk.internal.misc.Unsafe.park(Native Method)
  java.base@21-internal/java.util.concurrent.locks.LockSupport.parkNanos(LockSupport.java:269)
  java.base@21-internal/java.util.concurrent.locks.AbstractQueuedSynchronizer$ConditionObject.await(AbstractQueuedSynchronizer.java:1847)
  java.base@21-internal/java.lang.ref.ReferenceQueue.await(ReferenceQueue.java:71)
  java.base@21-internal/java.lang.ref.ReferenceQueue.remove0(ReferenceQueue.java:143)
  java.base@21-internal/java.lang.ref.ReferenceQueue.remove(ReferenceQueue.java:218)
  java.base@21-internal/jdk.internal.ref.CleanerImpl.run(CleanerImpl.java:140)
  java.base@21-internal/java.lang.Thread.runWith(Thread.java:1596)
  java.base@21-internal/java.lang.Thread.run(Thread.java:1583)
  java.base@21-internal/jdk.internal.misc.InnocuousThread.run(InnocuousThread.java:186)

Thread[#9,Reference Handler,10,system]
  java.base@21-internal/java.lang.ref.Reference.waitForReferencePendingList(Native Method)
  java.base@21-internal/java.lang.ref.Reference.processPendingReferences(Reference.java:246)
  java.base@21-internal/java.lang.ref.Reference$ReferenceHandler.run(Reference.java:208)

Thread[#62,Actor Thread 10,5,main]
  java.base@21-internal/jdk.internal.misc.Unsafe.park(Native Method)
  java.base@21-internal/java.util.concurrent.locks.LockSupport.parkNanos(LockSupport.java:269)
  java.base@21-internal/java.util.concurrent.SynchronousQueue$TransferStack.transfer(SynchronousQueue.java:401)
  java.base@21-internal/java.util.concurrent.SynchronousQueue.poll(SynchronousQueue.java:903)
  java.base@21-internal/java.util.concurrent.ThreadPoolExecutor.getTask(ThreadPoolExecutor.java:1069)
  java.base@21-internal/java.util.concurrent.ThreadPoolExecutor.runWorker(ThreadPoolExecutor.java:1130)
  java.base@21-internal/java.util.concurrent.ThreadPoolExecutor$Worker.run(ThreadPoolExecutor.java:642)
  java.base@21-internal/java.lang.Thread.runWith(Thread.java:1596)
  java.base@21-internal/java.lang.Thread.run(Thread.java:1583)

Thread[#81,PublishDir-6,5,main]
  java.base@21-internal/jdk.internal.misc.Unsafe.park(Native Method)
  java.base@21-internal/java.util.concurrent.locks.LockSupport.park(LockSupport.java:371)
  java.base@21-internal/java.util.concurrent.locks.AbstractQueuedSynchronizer$ConditionNode.block(AbstractQueuedSynchronizer.java:519)
  java.base@21-internal/java.util.concurrent.ForkJoinPool.unmanagedBlock(ForkJoinPool.java:3780)
  java.base@21-internal/java.util.concurrent.ForkJoinPool.managedBlock(ForkJoinPool.java:3725)
  java.base@21-internal/java.util.concurrent.locks.AbstractQueuedSynchronizer$ConditionObject.await(AbstractQueuedSynchronizer.java:1707)
  java.base@21-internal/java.util.concurrent.LinkedBlockingQueue.take(LinkedBlockingQueue.java:435)
  java.base@21-internal/java.util.concurrent.ThreadPoolExecutor.getTask(ThreadPoolExecutor.java:1070)
  java.base@21-internal/java.util.concurrent.ThreadPoolExecutor.runWorker(ThreadPoolExecutor.java:1130)
  java.base@21-internal/java.util.concurrent.ThreadPoolExecutor$Worker.run(ThreadPoolExecutor.java:642)
  java.base@21-internal/java.lang.Thread.runWith(Thread.java:1596)
  java.base@21-internal/java.lang.Thread.run(Thread.java:1583)

Thread[#86,Actor Thread 23,5,main]
  java.base@21-internal/jdk.internal.misc.Unsafe.park(Native Method)
  java.base@21-internal/java.util.concurrent.locks.LockSupport.parkNanos(LockSupport.java:269)
  java.base@21-internal/java.util.concurrent.SynchronousQueue$TransferStack.transfer(SynchronousQueue.java:401)
  java.base@21-internal/java.util.concurrent.SynchronousQueue.poll(SynchronousQueue.java:903)
  java.base@21-internal/java.util.concurrent.ThreadPoolExecutor.getTask(ThreadPoolExecutor.java:1069)
  java.base@21-internal/java.util.concurrent.ThreadPoolExecutor.runWorker(ThreadPoolExecutor.java:1130)
  java.base@21-internal/java.util.concurrent.ThreadPoolExecutor$Worker.run(ThreadPoolExecutor.java:642)
  java.base@21-internal/java.lang.Thread.runWith(Thread.java:1596)
  java.base@21-internal/java.lang.Thread.run(Thread.java:1583)

Thread[#64,Actor Thread 12,5,main]
  java.base@21-internal/jdk.internal.misc.Unsafe.park(Native Method)
  java.base@21-internal/java.util.concurrent.locks.LockSupport.parkNanos(LockSupport.java:269)
  java.base@21-internal/java.util.concurrent.SynchronousQueue$TransferStack.transfer(SynchronousQueue.java:401)
  java.base@21-internal/java.util.concurrent.SynchronousQueue.poll(SynchronousQueue.java:903)
  java.base@21-internal/java.util.concurrent.ThreadPoolExecutor.getTask(ThreadPoolExecutor.java:1069)
  java.base@21-internal/java.util.concurrent.ThreadPoolExecutor.runWorker(ThreadPoolExecutor.java:1130)
  java.base@21-internal/java.util.concurrent.ThreadPoolExecutor$Worker.run(ThreadPoolExecutor.java:642)
  java.base@21-internal/java.lang.Thread.runWith(Thread.java:1596)
  java.base@21-internal/java.lang.Thread.run(Thread.java:1583)

Thread[#66,Actor Thread 14,5,main]
  java.base@21-internal/jdk.internal.misc.Unsafe.park(Native Method)
  java.base@21-internal/java.util.concurrent.locks.LockSupport.parkNanos(LockSupport.java:269)
  java.base@21-internal/java.util.concurrent.SynchronousQueue$TransferStack.transfer(SynchronousQueue.java:401)
  java.base@21-internal/java.util.concurrent.SynchronousQueue.poll(SynchronousQueue.java:903)
  java.base@21-internal/java.util.concurrent.ThreadPoolExecutor.getTask(ThreadPoolExecutor.java:1069)
  java.base@21-internal/java.util.concurrent.ThreadPoolExecutor.runWorker(ThreadPoolExecutor.java:1130)
  java.base@21-internal/java.util.concurrent.ThreadPoolExecutor$Worker.run(ThreadPoolExecutor.java:642)
  java.base@21-internal/java.lang.Thread.runWith(Thread.java:1596)
  java.base@21-internal/java.lang.Thread.run(Thread.java:1583)

Thread[#78,PublishDir-3,5,main]
  java.base@21-internal/jdk.internal.misc.Unsafe.park(Native Method)
  java.base@21-internal/java.util.concurrent.locks.LockSupport.park(LockSupport.java:371)
  java.base@21-internal/java.util.concurrent.locks.AbstractQueuedSynchronizer$ConditionNode.block(AbstractQueuedSynchronizer.java:519)
  java.base@21-internal/java.util.concurrent.ForkJoinPool.unmanagedBlock(ForkJoinPool.java:3780)
  java.base@21-internal/java.util.concurrent.ForkJoinPool.managedBlock(ForkJoinPool.java:3725)
  java.base@21-internal/java.util.concurrent.locks.AbstractQueuedSynchronizer$ConditionObject.await(AbstractQueuedSynchronizer.java:1707)
  java.base@21-internal/java.util.concurrent.LinkedBlockingQueue.take(LinkedBlockingQueue.java:435)
  java.base@21-internal/java.util.concurrent.ThreadPoolExecutor.getTask(ThreadPoolExecutor.java:1070)
  java.base@21-internal/java.util.concurrent.ThreadPoolExecutor.runWorker(ThreadPoolExecutor.java:1130)
  java.base@21-internal/java.util.concurrent.ThreadPoolExecutor$Worker.run(ThreadPoolExecutor.java:642)
  java.base@21-internal/java.lang.Thread.runWith(Thread.java:1596)
  java.base@21-internal/java.lang.Thread.run(Thread.java:1583)

Thread[#67,Actor Thread 15,5,main]
  java.base@21-internal/jdk.internal.misc.Unsafe.park(Native Method)
  java.base@21-internal/java.util.concurrent.locks.LockSupport.parkNanos(LockSupport.java:269)
  java.base@21-internal/java.util.concurrent.SynchronousQueue$TransferStack.transfer(SynchronousQueue.java:401)
  java.base@21-internal/java.util.concurrent.SynchronousQueue.poll(SynchronousQueue.java:903)
  java.base@21-internal/java.util.concurrent.ThreadPoolExecutor.getTask(ThreadPoolExecutor.java:1069)
  java.base@21-internal/java.util.concurrent.ThreadPoolExecutor.runWorker(ThreadPoolExecutor.java:1130)
  java.base@21-internal/java.util.concurrent.ThreadPoolExecutor$Worker.run(ThreadPoolExecutor.java:642)
  java.base@21-internal/java.lang.Thread.runWith(Thread.java:1596)
  java.base@21-internal/java.lang.Thread.run(Thread.java:1583)

Thread[#49,AnsiLogObserver,5,main]
  java.base@21-internal/java.lang.Object.wait0(Native Method)
  java.base@21-internal/java.lang.Object.wait(Object.java:366)
  app//nextflow.trace.AnsiLogObserver.render0(AnsiLogObserver.groovy:185)
  java.base@21-internal/java.lang.invoke.DirectMethodHandle$Holder.invokeVirtual(DirectMethodHandle$Holder)
  java.base@21-internal/java.lang.invoke.LambdaForm$MH/0x0000789d1c383800.invoke(LambdaForm$MH)
  java.base@21-internal/java.lang.invoke.Invokers$Holder.invokeExact_MT(Invokers$Holder)
  java.base@21-internal/jdk.internal.reflect.DirectMethodHandleAccessor.invokeImpl(DirectMethodHandleAccessor.java:154)
  java.base@21-internal/jdk.internal.reflect.DirectMethodHandleAccessor.invoke(DirectMethodHandleAccessor.java:103)
  java.base@21-internal/java.lang.reflect.Method.invoke(Method.java:580)
  app//org.codehaus.groovy.reflection.CachedMethod.invoke(CachedMethod.java:343)
  app//groovy.lang.MetaMethod.doMethodInvoke(MetaMethod.java:328)
  app//groovy.lang.MetaClassImpl.doInvokeMethod(MetaClassImpl.java:1333)
  app//groovy.lang.MetaClassImpl.invokeMethod(MetaClassImpl.java:1088)
  app//groovy.lang.MetaClassImpl.invokeMethodClosure(MetaClassImpl.java:1017)
  app//groovy.lang.MetaClassImpl.doInvokeMethod(MetaClassImpl.java:1207)
  app//groovy.lang.MetaClassImpl.invokeMethod(MetaClassImpl.java:1088)
  app//groovy.lang.MetaClassImpl.invokeMethod(MetaClassImpl.java:1007)
  app//groovy.lang.Closure.call(Closure.java:433)
  app//groovy.lang.Closure.call(Closure.java:412)
  app//groovy.lang.Closure.run(Closure.java:505)
  java.base@21-internal/java.lang.Thread.runWith(Thread.java:1596)
  java.base@21-internal/java.lang.Thread.run(Thread.java:1583)

Thread[#65,Actor Thread 13,5,main]
  java.base@21-internal/jdk.internal.misc.Unsafe.park(Native Method)
  java.base@21-internal/java.util.concurrent.locks.LockSupport.parkNanos(LockSupport.java:269)
  java.base@21-internal/java.util.concurrent.SynchronousQueue$TransferStack.transfer(SynchronousQueue.java:401)
  java.base@21-internal/java.util.concurrent.SynchronousQueue.poll(SynchronousQueue.java:903)
  java.base@21-internal/java.util.concurrent.ThreadPoolExecutor.getTask(ThreadPoolExecutor.java:1069)
  java.base@21-internal/java.util.concurrent.ThreadPoolExecutor.runWorker(ThreadPoolExecutor.java:1130)
  java.base@21-internal/java.util.concurrent.ThreadPoolExecutor$Worker.run(ThreadPoolExecutor.java:642)
  java.base@21-internal/java.lang.Thread.runWith(Thread.java:1596)
  java.base@21-internal/java.lang.Thread.run(Thread.java:1583)

Thread[#76,PublishDir-2,5,main]
  java.base@21-internal/jdk.internal.misc.Unsafe.park(Native Method)
  java.base@21-internal/java.util.concurrent.locks.LockSupport.park(LockSupport.java:371)
  java.base@21-internal/java.util.concurrent.locks.AbstractQueuedSynchronizer$ConditionNode.block(AbstractQueuedSynchronizer.java:519)
  java.base@21-internal/java.util.concurrent.ForkJoinPool.unmanagedBlock(ForkJoinPool.java:3780)
  java.base@21-internal/java.util.concurrent.ForkJoinPool.managedBlock(ForkJoinPool.java:3725)
  java.base@21-internal/java.util.concurrent.locks.AbstractQueuedSynchronizer$ConditionObject.await(AbstractQueuedSynchronizer.java:1707)
  java.base@21-internal/java.util.concurrent.LinkedBlockingQueue.take(LinkedBlockingQueue.java:435)
  java.base@21-internal/java.util.concurrent.ThreadPoolExecutor.getTask(ThreadPoolExecutor.java:1070)
  java.base@21-internal/java.util.concurrent.ThreadPoolExecutor.runWorker(ThreadPoolExecutor.java:1130)
  java.base@21-internal/java.util.concurrent.ThreadPoolExecutor$Worker.run(ThreadPoolExecutor.java:642)
  java.base@21-internal/java.lang.Thread.runWith(Thread.java:1596)
  java.base@21-internal/java.lang.Thread.run(Thread.java:1583)

Thread[#73,Actor Thread 21,5,main]
  java.base@21-internal/jdk.internal.misc.Unsafe.park(Native Method)
  java.base@21-internal/java.util.concurrent.locks.LockSupport.parkNanos(LockSupport.java:269)
  java.base@21-internal/java.util.concurrent.SynchronousQueue$TransferStack.transfer(SynchronousQueue.java:401)
  java.base@21-internal/java.util.concurrent.SynchronousQueue.poll(SynchronousQueue.java:903)
  java.base@21-internal/java.util.concurrent.ThreadPoolExecutor.getTask(ThreadPoolExecutor.java:1069)
  java.base@21-internal/java.util.concurrent.ThreadPoolExecutor.runWorker(ThreadPoolExecutor.java:1130)
  java.base@21-internal/java.util.concurrent.ThreadPoolExecutor$Worker.run(ThreadPoolExecutor.java:642)
  java.base@21-internal/java.lang.Thread.runWith(Thread.java:1596)
  java.base@21-internal/java.lang.Thread.run(Thread.java:1583)

Thread[#77,PublishDir-1,5,main]
  java.base@21-internal/jdk.internal.misc.Unsafe.park(Native Method)
  java.base@21-internal/java.util.concurrent.locks.LockSupport.park(LockSupport.java:371)
  java.base@21-internal/java.util.concurrent.locks.AbstractQueuedSynchronizer$ConditionNode.block(AbstractQueuedSynchronizer.java:519)
  java.base@21-internal/java.util.concurrent.ForkJoinPool.unmanagedBlock(ForkJoinPool.java:3780)
  java.base@21-internal/java.util.concurrent.ForkJoinPool.managedBlock(ForkJoinPool.java:3725)
  java.base@21-internal/java.util.concurrent.locks.AbstractQueuedSynchronizer$ConditionObject.await(AbstractQueuedSynchronizer.java:1707)
  java.base@21-internal/java.util.concurrent.LinkedBlockingQueue.take(LinkedBlockingQueue.java:435)
  java.base@21-internal/java.util.concurrent.ThreadPoolExecutor.getTask(ThreadPoolExecutor.java:1070)
  java.base@21-internal/java.util.concurrent.ThreadPoolExecutor.runWorker(ThreadPoolExecutor.java:1130)
  java.base@21-internal/java.util.concurrent.ThreadPoolExecutor$Worker.run(ThreadPoolExecutor.java:642)
  java.base@21-internal/java.lang.Thread.runWith(Thread.java:1596)
  java.base@21-internal/java.lang.Thread.run(Thread.java:1583)

Thread[#80,PublishDir-5,5,main]
  java.base@21-internal/jdk.internal.misc.Unsafe.park(Native Method)
  java.base@21-internal/java.util.concurrent.locks.LockSupport.park(LockSupport.java:371)
  java.base@21-internal/java.util.concurrent.locks.AbstractQueuedSynchronizer$ConditionNode.block(AbstractQueuedSynchronizer.java:519)
  java.base@21-internal/java.util.concurrent.ForkJoinPool.unmanagedBlock(ForkJoinPool.java:3780)
  java.base@21-internal/java.util.concurrent.ForkJoinPool.managedBlock(ForkJoinPool.java:3725)
  java.base@21-internal/java.util.concurrent.locks.AbstractQueuedSynchronizer$ConditionObject.await(AbstractQueuedSynchronizer.java:1707)
  java.base@21-internal/java.util.concurrent.LinkedBlockingQueue.take(LinkedBlockingQueue.java:435)
  java.base@21-internal/java.util.concurrent.ThreadPoolExecutor.getTask(ThreadPoolExecutor.java:1070)
  java.base@21-internal/java.util.concurrent.ThreadPoolExecutor.runWorker(ThreadPoolExecutor.java:1130)
  java.base@21-internal/java.util.concurrent.ThreadPoolExecutor$Worker.run(ThreadPoolExecutor.java:642)
  java.base@21-internal/java.lang.Thread.runWith(Thread.java:1596)
  java.base@21-internal/java.lang.Thread.run(Thread.java:1583)

Thread[#90,pool-2-thread-1,5,main]
  java.base@21-internal/jdk.internal.misc.Unsafe.park(Native Method)
  java.base@21-internal/java.util.concurrent.locks.LockSupport.park(LockSupport.java:371)
  java.base@21-internal/java.util.concurrent.locks.AbstractQueuedSynchronizer$ConditionNode.block(AbstractQueuedSynchronizer.java:519)
  java.base@21-internal/java.util.concurrent.ForkJoinPool.unmanagedBlock(ForkJoinPool.java:3780)
  java.base@21-internal/java.util.concurrent.ForkJoinPool.managedBlock(ForkJoinPool.java:3725)
  java.base@21-internal/java.util.concurrent.locks.AbstractQueuedSynchronizer$ConditionObject.await(AbstractQueuedSynchronizer.java:1707)
  java.base@21-internal/java.util.concurrent.LinkedBlockingQueue.take(LinkedBlockingQueue.java:435)
  java.base@21-internal/java.util.concurrent.ThreadPoolExecutor.getTask(ThreadPoolExecutor.java:1070)
  java.base@21-internal/java.util.concurrent.ThreadPoolExecutor.runWorker(ThreadPoolExecutor.java:1130)
  java.base@21-internal/java.util.concurrent.ThreadPoolExecutor$Worker.run(ThreadPoolExecutor.java:642)
  java.base@21-internal/java.lang.Thread.runWith(Thread.java:1596)
  java.base@21-internal/java.lang.Thread.run(Thread.java:1583)

Thread[#58,PathVisitor-1,5,main]
  java.base@21-internal/jdk.internal.misc.Unsafe.park(Native Method)
  java.base@21-internal/java.util.concurrent.locks.LockSupport.parkNanos(LockSupport.java:269)
  java.base@21-internal/java.util.concurrent.SynchronousQueue$TransferStack.transfer(SynchronousQueue.java:401)
  java.base@21-internal/java.util.concurrent.SynchronousQueue.poll(SynchronousQueue.java:903)
  java.base@21-internal/java.util.concurrent.ThreadPoolExecutor.getTask(ThreadPoolExecutor.java:1069)
  java.base@21-internal/java.util.concurrent.ThreadPoolExecutor.runWorker(ThreadPoolExecutor.java:1130)
  java.base@21-internal/java.util.concurrent.ThreadPoolExecutor$Worker.run(ThreadPoolExecutor.java:642)
  java.base@21-internal/java.lang.Thread.runWith(Thread.java:1596)
  java.base@21-internal/java.lang.Thread.run(Thread.java:1583)

Thread[#70,Actor Thread 18,5,main]
  java.base@21-internal/jdk.internal.misc.Unsafe.park(Native Method)
  java.base@21-internal/java.util.concurrent.locks.LockSupport.parkNanos(LockSupport.java:269)
  java.base@21-internal/java.util.concurrent.SynchronousQueue$TransferStack.transfer(SynchronousQueue.java:401)
  java.base@21-internal/java.util.concurrent.SynchronousQueue.poll(SynchronousQueue.java:903)
  java.base@21-internal/java.util.concurrent.ThreadPoolExecutor.getTask(ThreadPoolExecutor.java:1069)
  java.base@21-internal/java.util.concurrent.ThreadPoolExecutor.runWorker(ThreadPoolExecutor.java:1130)
  java.base@21-internal/java.util.concurrent.ThreadPoolExecutor$Worker.run(ThreadPoolExecutor.java:642)
  java.base@21-internal/java.lang.Thread.runWith(Thread.java:1596)
  java.base@21-internal/java.lang.Thread.run(Thread.java:1583)

Thread[#71,Actor Thread 19,5,main]
  java.base@21-internal/jdk.internal.misc.Unsafe.park(Native Method)
  java.base@21-internal/java.util.concurrent.locks.LockSupport.parkNanos(LockSupport.java:269)
  java.base@21-internal/java.util.concurrent.SynchronousQueue$TransferStack.transfer(SynchronousQueue.java:401)
  java.base@21-internal/java.util.concurrent.SynchronousQueue.poll(SynchronousQueue.java:903)
  java.base@21-internal/java.util.concurrent.ThreadPoolExecutor.getTask(ThreadPoolExecutor.java:1069)
  java.base@21-internal/java.util.concurrent.ThreadPoolExecutor.runWorker(ThreadPoolExecutor.java:1130)
  java.base@21-internal/java.util.concurrent.ThreadPoolExecutor$Worker.run(ThreadPoolExecutor.java:642)
  java.base@21-internal/java.lang.Thread.runWith(Thread.java:1596)
  java.base@21-internal/java.lang.Thread.run(Thread.java:1583)

Thread[#87,Actor Thread 25,5,main]
  java.base@21-internal/jdk.internal.misc.Unsafe.park(Native Method)
  java.base@21-internal/java.util.concurrent.locks.LockSupport.parkNanos(LockSupport.java:269)
  java.base@21-internal/java.util.concurrent.SynchronousQueue$TransferStack.transfer(SynchronousQueue.java:401)
  java.base@21-internal/java.util.concurrent.SynchronousQueue.poll(SynchronousQueue.java:903)
  java.base@21-internal/java.util.concurrent.ThreadPoolExecutor.getTask(ThreadPoolExecutor.java:1069)
  java.base@21-internal/java.util.concurrent.ThreadPoolExecutor.runWorker(ThreadPoolExecutor.java:1130)
  java.base@21-internal/java.util.concurrent.ThreadPoolExecutor$Worker.run(ThreadPoolExecutor.java:642)
  java.base@21-internal/java.lang.Thread.runWith(Thread.java:1596)
  java.base@21-internal/java.lang.Thread.run(Thread.java:1583)

Thread[#63,Actor Thread 11,5,main]
  java.base@21-internal/jdk.internal.misc.Unsafe.park(Native Method)
  java.base@21-internal/java.util.concurrent.locks.LockSupport.parkNanos(LockSupport.java:269)
  java.base@21-internal/java.util.concurrent.SynchronousQueue$TransferStack.transfer(SynchronousQueue.java:401)
  java.base@21-internal/java.util.concurrent.SynchronousQueue.poll(SynchronousQueue.java:903)
  java.base@21-internal/java.util.concurrent.ThreadPoolExecutor.getTask(ThreadPoolExecutor.java:1069)
  java.base@21-internal/java.util.concurrent.ThreadPoolExecutor.runWorker(ThreadPoolExecutor.java:1130)
  java.base@21-internal/java.util.concurrent.ThreadPoolExecutor$Worker.run(ThreadPoolExecutor.java:642)
  java.base@21-internal/java.lang.Thread.runWith(Thread.java:1596)
  java.base@21-internal/java.lang.Thread.run(Thread.java:1583)

Thread[#68,Actor Thread 16,5,main]
  java.base@21-internal/jdk.internal.misc.Unsafe.park(Native Method)
  java.base@21-internal/java.util.concurrent.locks.LockSupport.parkNanos(LockSupport.java:269)
  java.base@21-internal/java.util.concurrent.SynchronousQueue$TransferStack.transfer(SynchronousQueue.java:401)
  java.base@21-internal/java.util.concurrent.SynchronousQueue.poll(SynchronousQueue.java:903)
  java.base@21-internal/java.util.concurrent.ThreadPoolExecutor.getTask(ThreadPoolExecutor.java:1069)
  java.base@21-internal/java.util.concurrent.ThreadPoolExecutor.runWorker(ThreadPoolExecutor.java:1130)
  java.base@21-internal/java.util.concurrent.ThreadPoolExecutor$Worker.run(ThreadPoolExecutor.java:642)
  java.base@21-internal/java.lang.Thread.runWith(Thread.java:1596)
  java.base@21-internal/java.lang.Thread.run(Thread.java:1583)

Thread[#52,Actor Thread 3,5,main]
  java.base@21-internal/jdk.internal.misc.Unsafe.park(Native Method)
  java.base@21-internal/java.util.concurrent.locks.LockSupport.parkNanos(LockSupport.java:269)
  java.base@21-internal/java.util.concurrent.SynchronousQueue$TransferStack.transfer(SynchronousQueue.java:401)
  java.base@21-internal/java.util.concurrent.SynchronousQueue.poll(SynchronousQueue.java:903)
  java.base@21-internal/java.util.concurrent.ThreadPoolExecutor.getTask(ThreadPoolExecutor.java:1069)
  java.base@21-internal/java.util.concurrent.ThreadPoolExecutor.runWorker(ThreadPoolExecutor.java:1130)
  java.base@21-internal/java.util.concurrent.ThreadPoolExecutor$Worker.run(ThreadPoolExecutor.java:642)
  java.base@21-internal/java.lang.Thread.runWith(Thread.java:1596)
  java.base@21-internal/java.lang.Thread.run(Thread.java:1583)

Thread[#59,Actor Thread 7,5,main]
  java.base@21-internal/jdk.internal.misc.Unsafe.park(Native Method)
  java.base@21-internal/java.util.concurrent.locks.LockSupport.parkNanos(LockSupport.java:269)
  java.base@21-internal/java.util.concurrent.SynchronousQueue$TransferStack.transfer(SynchronousQueue.java:401)
  java.base@21-internal/java.util.concurrent.SynchronousQueue.poll(SynchronousQueue.java:903)
  java.base@21-internal/java.util.concurrent.ThreadPoolExecutor.getTask(ThreadPoolExecutor.java:1069)
  java.base@21-internal/java.util.concurrent.ThreadPoolExecutor.runWorker(ThreadPoolExecutor.java:1130)
  java.base@21-internal/java.util.concurrent.ThreadPoolExecutor$Worker.run(ThreadPoolExecutor.java:642)
  java.base@21-internal/java.lang.Thread.runWith(Thread.java:1596)
  java.base@21-internal/java.lang.Thread.run(Thread.java:1583)

Thread[#51,Actor Thread 2,5,main]
  java.base@21-internal/jdk.internal.misc.Unsafe.park(Native Method)
  java.base@21-internal/java.util.concurrent.locks.LockSupport.parkNanos(LockSupport.java:269)
  java.base@21-internal/java.util.concurrent.SynchronousQueue$TransferStack.transfer(SynchronousQueue.java:401)
  java.base@21-internal/java.util.concurrent.SynchronousQueue.poll(SynchronousQueue.java:903)
  java.base@21-internal/java.util.concurrent.ThreadPoolExecutor.getTask(ThreadPoolExecutor.java:1069)
  java.base@21-internal/java.util.concurrent.ThreadPoolExecutor.runWorker(ThreadPoolExecutor.java:1130)
  java.base@21-internal/java.util.concurrent.ThreadPoolExecutor$Worker.run(ThreadPoolExecutor.java:642)
  java.base@21-internal/java.lang.Thread.runWith(Thread.java:1596)
  java.base@21-internal/java.lang.Thread.run(Thread.java:1583)

Thread[#10,Finalizer,8,system]
  java.base@21-internal/java.lang.Object.wait0(Native Method)
  java.base@21-internal/java.lang.Object.wait(Object.java:366)
  java.base@21-internal/java.lang.Object.wait(Object.java:339)
  java.base@21-internal/java.lang.ref.NativeReferenceQueue.await(NativeReferenceQueue.java:48)
  java.base@21-internal/java.lang.ref.ReferenceQueue.remove0(ReferenceQueue.java:158)
  java.base@21-internal/java.lang.ref.NativeReferenceQueue.remove(NativeReferenceQueue.java:89)
  java.base@21-internal/java.lang.ref.Finalizer$FinalizerThread.run(Finalizer.java:173)

Thread[#48,Thread-1,5,main]
  java.base@21-internal/jdk.internal.misc.Unsafe.park(Native Method)
  java.base@21-internal/java.util.concurrent.locks.LockSupport.parkNanos(LockSupport.java:269)
  java.base@21-internal/java.util.concurrent.locks.AbstractQueuedSynchronizer$ConditionObject.awaitNanos(AbstractQueuedSynchronizer.java:1758)
  java.base@21-internal/java.util.concurrent.LinkedBlockingDeque.pollFirst(LinkedBlockingDeque.java:515)
  java.base@21-internal/java.util.concurrent.LinkedBlockingDeque.poll(LinkedBlockingDeque.java:677)
  app//nextflow.util.SimpleAgent.run(SimpleAgent.groovy:89)
  java.base@21-internal/java.lang.invoke.LambdaForm$DMH/0x0000789d1c1a9c00.invokeVirtual(LambdaForm$DMH)
  java.base@21-internal/java.lang.invoke.LambdaForm$MH/0x0000789d1c344000.invoke(LambdaForm$MH)
  java.base@21-internal/java.lang.invoke.Invokers$Holder.invokeExact_MT(Invokers$Holder)
  java.base@21-internal/jdk.internal.reflect.DirectMethodHandleAccessor.invokeImpl(DirectMethodHandleAccessor.java:153)
  java.base@21-internal/jdk.internal.reflect.DirectMethodHandleAccessor.invoke(DirectMethodHandleAccessor.java:103)
  java.base@21-internal/java.lang.reflect.Method.invoke(Method.java:580)
  app//org.codehaus.groovy.reflection.CachedMethod.invoke(CachedMethod.java:343)
  app//groovy.lang.MetaMethod.doMethodInvoke(MetaMethod.java:328)
  app//groovy.lang.MetaClassImpl.doInvokeMethod(MetaClassImpl.java:1333)
  app//groovy.lang.MetaClassImpl.invokeMethod(MetaClassImpl.java:1088)
  app//groovy.lang.MetaClassImpl.invokeMethodClosure(MetaClassImpl.java:1017)
  app//groovy.lang.MetaClassImpl.doInvokeMethod(MetaClassImpl.java:1207)
  app//groovy.lang.MetaClassImpl.invokeMethod(MetaClassImpl.java:1088)
  app//groovy.lang.MetaClassImpl.invokeMethod(MetaClassImpl.java:1007)
  app//groovy.lang.Closure.call(Closure.java:433)
  app//groovy.lang.Closure.call(Closure.java:412)
  app//groovy.lang.Closure.run(Closure.java:505)
  java.base@21-internal/java.lang.Thread.runWith(Thread.java:1596)
  java.base@21-internal/java.lang.Thread.run(Thread.java:1583)

Thread[#11,Signal Dispatcher,9,system]

Thread[#61,Actor Thread 9,5,main]
  java.base@21-internal/jdk.internal.misc.Unsafe.park(Native Method)
  java.base@21-internal/java.util.concurrent.locks.LockSupport.parkNanos(LockSupport.java:269)
  java.base@21-internal/java.util.concurrent.SynchronousQueue$TransferStack.transfer(SynchronousQueue.java:401)
  java.base@21-internal/java.util.concurrent.SynchronousQueue.poll(SynchronousQueue.java:903)
  java.base@21-internal/java.util.concurrent.ThreadPoolExecutor.getTask(ThreadPoolExecutor.java:1069)
  java.base@21-internal/java.util.concurrent.ThreadPoolExecutor.runWorker(ThreadPoolExecutor.java:1130)
  java.base@21-internal/java.util.concurrent.ThreadPoolExecutor$Worker.run(ThreadPoolExecutor.java:642)
  java.base@21-internal/java.lang.Thread.runWith(Thread.java:1596)
  java.base@21-internal/java.lang.Thread.run(Thread.java:1583)

Thread[#57,Actor Thread 6,5,main]
  java.base@21-internal/jdk.internal.misc.Unsafe.park(Native Method)
  java.base@21-internal/java.util.concurrent.locks.LockSupport.parkNanos(LockSupport.java:269)
  java.base@21-internal/java.util.concurrent.SynchronousQueue$TransferStack.transfer(SynchronousQueue.java:401)
  java.base@21-internal/java.util.concurrent.SynchronousQueue.poll(SynchronousQueue.java:903)
  java.base@21-internal/java.util.concurrent.ThreadPoolExecutor.getTask(ThreadPoolExecutor.java:1069)
  java.base@21-internal/java.util.concurrent.ThreadPoolExecutor.runWorker(ThreadPoolExecutor.java:1130)
  java.base@21-internal/java.util.concurrent.ThreadPoolExecutor$Worker.run(ThreadPoolExecutor.java:642)
  java.base@21-internal/java.lang.Thread.runWith(Thread.java:1596)
  java.base@21-internal/java.lang.Thread.run(Thread.java:1583)

Thread[#55,Actor Thread 4,5,main]
  java.base@21-internal/jdk.internal.misc.Unsafe.park(Native Method)
  java.base@21-internal/java.util.concurrent.locks.LockSupport.parkNanos(LockSupport.java:269)
  java.base@21-internal/java.util.concurrent.SynchronousQueue$TransferStack.transfer(SynchronousQueue.java:401)
  java.base@21-internal/java.util.concurrent.SynchronousQueue.poll(SynchronousQueue.java:903)
  java.base@21-internal/java.util.concurrent.ThreadPoolExecutor.getTask(ThreadPoolExecutor.java:1069)
  java.base@21-internal/java.util.concurrent.ThreadPoolExecutor.runWorker(ThreadPoolExecutor.java:1130)
  java.base@21-internal/java.util.concurrent.ThreadPoolExecutor$Worker.run(ThreadPoolExecutor.java:642)
  java.base@21-internal/java.lang.Thread.runWith(Thread.java:1596)
  java.base@21-internal/java.lang.Thread.run(Thread.java:1583)

Thread[#27,Notification Thread,9,system]

Thread[#79,PublishDir-4,5,main]
  java.base@21-internal/jdk.internal.misc.Unsafe.park(Native Method)
  java.base@21-internal/java.util.concurrent.locks.LockSupport.park(LockSupport.java:371)
  java.base@21-internal/java.util.concurrent.locks.AbstractQueuedSynchronizer$ConditionNode.block(AbstractQueuedSynchronizer.java:519)
  java.base@21-internal/java.util.concurrent.ForkJoinPool.unmanagedBlock(ForkJoinPool.java:3780)
  java.base@21-internal/java.util.concurrent.ForkJoinPool.managedBlock(ForkJoinPool.java:3725)
  java.base@21-internal/java.util.concurrent.locks.AbstractQueuedSynchronizer$ConditionObject.await(AbstractQueuedSynchronizer.java:1707)
  java.base@21-internal/java.util.concurrent.LinkedBlockingQueue.take(LinkedBlockingQueue.java:435)
  java.base@21-internal/java.util.concurrent.ThreadPoolExecutor.getTask(ThreadPoolExecutor.java:1070)
  java.base@21-internal/java.util.concurrent.ThreadPoolExecutor.runWorker(ThreadPoolExecutor.java:1130)
  java.base@21-internal/java.util.concurrent.ThreadPoolExecutor$Worker.run(ThreadPoolExecutor.java:642)
  java.base@21-internal/java.lang.Thread.runWith(Thread.java:1596)
  java.base@21-internal/java.lang.Thread.run(Thread.java:1583)

Thread[#85,PublishDir-10,5,main]
  java.base@21-internal/jdk.internal.misc.Unsafe.park(Native Method)
  java.base@21-internal/java.util.concurrent.locks.LockSupport.park(LockSupport.java:371)
  java.base@21-internal/java.util.concurrent.locks.AbstractQueuedSynchronizer$ConditionNode.block(AbstractQueuedSynchronizer.java:519)
  java.base@21-internal/java.util.concurrent.ForkJoinPool.unmanagedBlock(ForkJoinPool.java:3780)
  java.base@21-internal/java.util.concurrent.ForkJoinPool.managedBlock(ForkJoinPool.java:3725)
  java.base@21-internal/java.util.concurrent.locks.AbstractQueuedSynchronizer$ConditionObject.await(AbstractQueuedSynchronizer.java:1707)
  java.base@21-internal/java.util.concurrent.LinkedBlockingQueue.take(LinkedBlockingQueue.java:435)
  java.base@21-internal/java.util.concurrent.ThreadPoolExecutor.getTask(ThreadPoolExecutor.java:1070)
  java.base@21-internal/java.util.concurrent.ThreadPoolExecutor.runWorker(ThreadPoolExecutor.java:1130)
  java.base@21-internal/java.util.concurrent.ThreadPoolExecutor$Worker.run(ThreadPoolExecutor.java:642)
  java.base@21-internal/java.lang.Thread.runWith(Thread.java:1596)
  java.base@21-internal/java.lang.Thread.run(Thread.java:1583)

Thread[#89,Actor Thread 26,5,main]
  java.base@21-internal/jdk.internal.misc.Unsafe.park(Native Method)
  java.base@21-internal/java.util.concurrent.locks.LockSupport.parkNanos(LockSupport.java:269)
  java.base@21-internal/java.util.concurrent.SynchronousQueue$TransferStack.transfer(SynchronousQueue.java:401)
  java.base@21-internal/java.util.concurrent.SynchronousQueue.poll(SynchronousQueue.java:903)
  java.base@21-internal/java.util.concurrent.ThreadPoolExecutor.getTask(ThreadPoolExecutor.java:1069)
  java.base@21-internal/java.util.concurrent.ThreadPoolExecutor.runWorker(ThreadPoolExecutor.java:1130)
  java.base@21-internal/java.util.concurrent.ThreadPoolExecutor$Worker.run(ThreadPoolExecutor.java:642)
  java.base@21-internal/java.lang.Thread.runWith(Thread.java:1596)
  java.base@21-internal/java.lang.Thread.run(Thread.java:1583)

Thread[#92,pool-2-thread-2,5,main]
  java.base@21-internal/jdk.internal.misc.Unsafe.park(Native Method)
  java.base@21-internal/java.util.concurrent.locks.LockSupport.park(LockSupport.java:371)
  java.base@21-internal/java.util.concurrent.locks.AbstractQueuedSynchronizer$ConditionNode.block(AbstractQueuedSynchronizer.java:519)
  java.base@21-internal/java.util.concurrent.ForkJoinPool.unmanagedBlock(ForkJoinPool.java:3780)
  java.base@21-internal/java.util.concurrent.ForkJoinPool.managedBlock(ForkJoinPool.java:3725)
  java.base@21-internal/java.util.concurrent.locks.AbstractQueuedSynchronizer$ConditionObject.await(AbstractQueuedSynchronizer.java:1707)
  java.base@21-internal/java.lang.ProcessImpl.waitFor(ProcessImpl.java:425)
  app//nextflow.executor.local.LocalTaskHandler$_submit_closure1.doCall(LocalTaskHandler.groovy:109)
  app//nextflow.executor.local.LocalTaskHandler$_submit_closure1.call(LocalTaskHandler.groovy)
  app//groovy.lang.Closure.run(Closure.java:505)
  java.base@21-internal/java.util.concurrent.Executors$RunnableAdapter.call(Executors.java:572)
  java.base@21-internal/java.util.concurrent.FutureTask.run(FutureTask.java:317)
  java.base@21-internal/java.util.concurrent.ThreadPoolExecutor.runWorker(ThreadPoolExecutor.java:1144)
  java.base@21-internal/java.util.concurrent.ThreadPoolExecutor$Worker.run(ThreadPoolExecutor.java:642)
  java.base@21-internal/java.lang.Thread.runWith(Thread.java:1596)
  java.base@21-internal/java.lang.Thread.run(Thread.java:1583)

Thread[#88,Actor Thread 24,5,main]
  java.base@21-internal/jdk.internal.misc.Unsafe.park(Native Method)
  java.base@21-internal/java.util.concurrent.locks.LockSupport.parkNanos(LockSupport.java:269)
  java.base@21-internal/java.util.concurrent.SynchronousQueue$TransferStack.transfer(SynchronousQueue.java:401)
  java.base@21-internal/java.util.concurrent.SynchronousQueue.poll(SynchronousQueue.java:903)
  java.base@21-internal/java.util.concurrent.ThreadPoolExecutor.getTask(ThreadPoolExecutor.java:1069)
  java.base@21-internal/java.util.concurrent.ThreadPoolExecutor.runWorker(ThreadPoolExecutor.java:1130)
  java.base@21-internal/java.util.concurrent.ThreadPoolExecutor$Worker.run(ThreadPoolExecutor.java:642)
  java.base@21-internal/java.lang.Thread.runWith(Thread.java:1596)
  java.base@21-internal/java.lang.Thread.run(Thread.java:1583)

Thread[#93,process reaper,10,InnocuousThreadGroup]
  java.base@21-internal/jdk.internal.misc.Unsafe.park(Native Method)
  java.base@21-internal/java.util.concurrent.locks.LockSupport.parkNanos(LockSupport.java:269)
  java.base@21-internal/java.util.concurrent.SynchronousQueue$TransferStack.transfer(SynchronousQueue.java:401)
  java.base@21-internal/java.util.concurrent.SynchronousQueue.poll(SynchronousQueue.java:903)
  java.base@21-internal/java.util.concurrent.ThreadPoolExecutor.getTask(ThreadPoolExecutor.java:1069)
  java.base@21-internal/java.util.concurrent.ThreadPoolExecutor.runWorker(ThreadPoolExecutor.java:1130)
  java.base@21-internal/java.util.concurrent.ThreadPoolExecutor$Worker.run(ThreadPoolExecutor.java:642)
  java.base@21-internal/java.lang.Thread.runWith(Thread.java:1596)
  java.base@21-internal/java.lang.Thread.run(Thread.java:1583)
  java.base@21-internal/jdk.internal.misc.InnocuousThread.run(InnocuousThread.java:186)

Thread[#75,Actor Thread 22,5,main]
  java.base@21-internal/jdk.internal.misc.Unsafe.park(Native Method)
  java.base@21-internal/java.util.concurrent.locks.LockSupport.parkNanos(LockSupport.java:269)
  java.base@21-internal/java.util.concurrent.SynchronousQueue$TransferStack.transfer(SynchronousQueue.java:401)
  java.base@21-internal/java.util.concurrent.SynchronousQueue.poll(SynchronousQueue.java:903)
  java.base@21-internal/java.util.concurrent.ThreadPoolExecutor.getTask(ThreadPoolExecutor.java:1069)
  java.base@21-internal/java.util.concurrent.ThreadPoolExecutor.runWorker(ThreadPoolExecutor.java:1130)
  java.base@21-internal/java.util.concurrent.ThreadPoolExecutor$Worker.run(ThreadPoolExecutor.java:642)
  java.base@21-internal/java.lang.Thread.runWith(Thread.java:1596)
  java.base@21-internal/java.lang.Thread.run(Thread.java:1583)

Thread[#56,Actor Thread 5,5,main]
  java.base@21-internal/jdk.internal.misc.Unsafe.park(Native Method)
  java.base@21-internal/java.util.concurrent.locks.LockSupport.parkNanos(LockSupport.java:269)
  java.base@21-internal/java.util.concurrent.SynchronousQueue$TransferStack.transfer(SynchronousQueue.java:401)
  java.base@21-internal/java.util.concurrent.SynchronousQueue.poll(SynchronousQueue.java:903)
  java.base@21-internal/java.util.concurrent.ThreadPoolExecutor.getTask(ThreadPoolExecutor.java:1069)
  java.base@21-internal/java.util.concurrent.ThreadPoolExecutor.runWorker(ThreadPoolExecutor.java:1130)
  java.base@21-internal/java.util.concurrent.ThreadPoolExecutor$Worker.run(ThreadPoolExecutor.java:642)
  java.base@21-internal/java.lang.Thread.runWith(Thread.java:1596)
  java.base@21-internal/java.lang.Thread.run(Thread.java:1583)

Thread[#91,TaskFinalizer-1,5,main]
  java.base@21-internal/java.lang.Thread.dumpThreads(Native Method)
  java.base@21-internal/java.lang.Thread.getAllStackTraces(Thread.java:2521)
  app//nextflow.util.SysHelper.dumpThreads(SysHelper.groovy:188)
  app//nextflow.Session.abort(Session.groovy:800)
  app//nextflow.Session.fault(Session.groovy:766)
  app//nextflow.processor.TaskPollingMonitor.finalizeTask(TaskPollingMonitor.groovy:695)
  app//nextflow.processor.TaskPollingMonitor.safeFinalizeTask(TaskPollingMonitor.groovy:678)
  java.base@21-internal/java.lang.invoke.DirectMethodHandle$Holder.invokeVirtual(DirectMethodHandle$Holder)
  java.base@21-internal/java.lang.invoke.LambdaForm$MH/0x0000789d1c1a2800.invoke(LambdaForm$MH)
  java.base@21-internal/java.lang.invoke.Invokers$Holder.invokeExact_MT(Invokers$Holder)
  java.base@21-internal/jdk.internal.reflect.DirectMethodHandleAccessor.invokeImpl(DirectMethodHandleAccessor.java:154)
  java.base@21-internal/jdk.internal.reflect.DirectMethodHandleAccessor.invoke(DirectMethodHandleAccessor.java:103)
  java.base@21-internal/java.lang.reflect.Method.invoke(Method.java:580)
  app//org.codehaus.groovy.reflection.CachedMethod.invoke(CachedMethod.java:343)
  app//groovy.lang.MetaMethod.doMethodInvoke(MetaMethod.java:328)
  app//groovy.lang.MetaClassImpl.doInvokeMethod(MetaClassImpl.java:1333)
  app//groovy.lang.MetaClassImpl.invokeMethod(MetaClassImpl.java:1088)
  app//groovy.lang.MetaClassImpl.invokeMethod(MetaClassImpl.java:1007)
  app//org.codehaus.groovy.runtime.InvokerHelper.invokePogoMethod(InvokerHelper.java:645)
  app//org.codehaus.groovy.runtime.InvokerHelper.invokeMethod(InvokerHelper.java:628)
  app//org.codehaus.groovy.runtime.InvokerHelper.invokeMethodSafe(InvokerHelper.java:82)
  app//nextflow.processor.TaskPollingMonitor$_checkTaskStatus_lambda8.doCall(TaskPollingMonitor.groovy:668)
  app//nextflow.processor.TaskPollingMonitor$$Lambda/0x0000789d1c4c7698.run(Unknown Source)
  java.base@21-internal/java.util.concurrent.Executors$RunnableAdapter.call(Executors.java:572)
  java.base@21-internal/java.util.concurrent.FutureTask.run(FutureTask.java:317)
  java.base@21-internal/java.util.concurrent.ThreadPoolExecutor.runWorker(ThreadPoolExecutor.java:1144)
  java.base@21-internal/java.util.concurrent.ThreadPoolExecutor$Worker.run(ThreadPoolExecutor.java:642)
  java.base@21-internal/java.lang.Thread.runWith(Thread.java:1596)
  java.base@21-internal/java.lang.Thread.run(Thread.java:1583)

Thread[#1,main,5,main]
  java.base@21-internal/jdk.internal.misc.Unsafe.park(Native Method)
  java.base@21-internal/java.util.concurrent.locks.LockSupport.park(LockSupport.java:371)
  java.base@21-internal/java.util.concurrent.locks.AbstractQueuedSynchronizer$ConditionNode.block(AbstractQueuedSynchronizer.java:519)
  java.base@21-internal/java.util.concurrent.ForkJoinPool.unmanagedBlock(ForkJoinPool.java:3780)
  java.base@21-internal/java.util.concurrent.ForkJoinPool.managedBlock(ForkJoinPool.java:3725)
  java.base@21-internal/java.util.concurrent.locks.AbstractQueuedSynchronizer$ConditionObject.await(AbstractQueuedSynchronizer.java:1707)
  app//nextflow.util.Barrier$_awaitCompletion_closure3.doCall(Barrier.groovy:92)
  app//nextflow.util.Barrier$_awaitCompletion_closure3.call(Barrier.groovy)
  app//nextflow.extension.Bolts.withLock(Bolts.groovy:337)
  app//nextflow.extension.Bolts.withLock(Bolts.groovy)
  app//nextflow.util.Barrier.awaitCompletion(Barrier.groovy:89)
  app//nextflow.Session.await(Session.groovy:676)
  app//nextflow.script.ScriptRunner.await(ScriptRunner.groovy:256)
  app//nextflow.script.ScriptRunner.execute(ScriptRunner.groovy:144)
  app//nextflow.cli.CmdRun.run(CmdRun.groovy:376)
  app//nextflow.cli.Launcher.run(Launcher.groovy:503)
  app//nextflow.cli.Launcher.main(Launcher.groovy:658)

Thread[#47,process reaper (pid 34655),10,InnocuousThreadGroup]
  java.base@21-internal/java.lang.ProcessHandleImpl.waitForProcessExit0(Native Method)
  java.base@21-internal/java.lang.ProcessHandleImpl$1.run(ProcessHandleImpl.java:163)
  java.base@21-internal/java.util.concurrent.ThreadPoolExecutor.runWorker(ThreadPoolExecutor.java:1144)
  java.base@21-internal/java.util.concurrent.ThreadPoolExecutor$Worker.run(ThreadPoolExecutor.java:642)
  java.base@21-internal/java.lang.Thread.runWith(Thread.java:1596)
  java.base@21-internal/java.lang.Thread.run(Thread.java:1583)
  java.base@21-internal/jdk.internal.misc.InnocuousThread.run(InnocuousThread.java:186)

Thread[#54,Task submitter,5,main]
  java.base@21-internal/jdk.internal.misc.Unsafe.park(Native Method)
  java.base@21-internal/java.util.concurrent.locks.LockSupport.park(LockSupport.java:371)
  java.base@21-internal/java.util.concurrent.locks.AbstractQueuedSynchronizer$ConditionNode.block(AbstractQueuedSynchronizer.java:519)
  java.base@21-internal/java.util.concurrent.ForkJoinPool.unmanagedBlock(ForkJoinPool.java:3780)
  java.base@21-internal/java.util.concurrent.ForkJoinPool.managedBlock(ForkJoinPool.java:3725)
  java.base@21-internal/java.util.concurrent.locks.AbstractQueuedSynchronizer$ConditionObject.await(AbstractQueuedSynchronizer.java:1707)
  app//nextflow.processor.TaskPollingMonitor.awaitTasks(TaskPollingMonitor.groovy:388)
  app//nextflow.processor.TaskPollingMonitor.submitLoop(TaskPollingMonitor.groovy:412)
  java.base@21-internal/java.lang.invoke.LambdaForm$DMH/0x0000789d1c1a9c00.invokeVirtual(LambdaForm$DMH)
  java.base@21-internal/java.lang.invoke.LambdaForm$MH/0x0000789d1c344000.invoke(LambdaForm$MH)
  java.base@21-internal/java.lang.invoke.Invokers$Holder.invokeExact_MT(Invokers$Holder)
  java.base@21-internal/jdk.internal.reflect.DirectMethodHandleAccessor.invokeImpl(DirectMethodHandleAccessor.java:153)
  java.base@21-internal/jdk.internal.reflect.DirectMethodHandleAccessor.invoke(DirectMethodHandleAccessor.java:103)
  java.base@21-internal/java.lang.reflect.Method.invoke(Method.java:580)
  app//org.codehaus.groovy.reflection.CachedMethod.invoke(CachedMethod.java:343)
  app//groovy.lang.MetaMethod.doMethodInvoke(MetaMethod.java:328)
  app//groovy.lang.MetaClassImpl.doInvokeMethod(MetaClassImpl.java:1333)
  app//groovy.lang.MetaClassImpl.invokeMethod(MetaClassImpl.java:1088)
  app//groovy.lang.MetaClassImpl.invokeMethodClosure(MetaClassImpl.java:1017)
  app//groovy.lang.MetaClassImpl.doInvokeMethod(MetaClassImpl.java:1207)
  app//groovy.lang.MetaClassImpl.invokeMethod(MetaClassImpl.java:1088)
  app//groovy.lang.MetaClassImpl.invokeMethod(MetaClassImpl.java:1007)
  app//groovy.lang.Closure.call(Closure.java:433)
  app//groovy.lang.Closure.call(Closure.java:412)
  app//groovy.lang.Closure.run(Closure.java:505)
  java.base@21-internal/java.lang.Thread.runWith(Thread.java:1596)
  java.base@21-internal/java.lang.Thread.run(Thread.java:1583)

Thread[#60,Actor Thread 8,5,main]
  java.base@21-internal/jdk.internal.misc.Unsafe.park(Native Method)
  java.base@21-internal/java.util.concurrent.locks.LockSupport.parkNanos(LockSupport.java:269)
  java.base@21-internal/java.util.concurrent.SynchronousQueue$TransferStack.transfer(SynchronousQueue.java:401)
  java.base@21-internal/java.util.concurrent.SynchronousQueue.poll(SynchronousQueue.java:903)
  java.base@21-internal/java.util.concurrent.ThreadPoolExecutor.getTask(ThreadPoolExecutor.java:1069)
  java.base@21-internal/java.util.concurrent.ThreadPoolExecutor.runWorker(ThreadPoolExecutor.java:1130)
  java.base@21-internal/java.util.concurrent.ThreadPoolExecutor$Worker.run(ThreadPoolExecutor.java:642)
  java.base@21-internal/java.lang.Thread.runWith(Thread.java:1596)
  java.base@21-internal/java.lang.Thread.run(Thread.java:1583)

Thread[#82,PublishDir-7,5,main]
  java.base@21-internal/jdk.internal.misc.Unsafe.park(Native Method)
  java.base@21-internal/java.util.concurrent.locks.LockSupport.park(LockSupport.java:371)
  java.base@21-internal/java.util.concurrent.locks.AbstractQueuedSynchronizer$ConditionNode.block(AbstractQueuedSynchronizer.java:519)
  java.base@21-internal/java.util.concurrent.ForkJoinPool.unmanagedBlock(ForkJoinPool.java:3780)
  java.base@21-internal/java.util.concurrent.ForkJoinPool.managedBlock(ForkJoinPool.java:3725)
  java.base@21-internal/java.util.concurrent.locks.AbstractQueuedSynchronizer$ConditionObject.await(AbstractQueuedSynchronizer.java:1707)
  java.base@21-internal/java.util.concurrent.LinkedBlockingQueue.take(LinkedBlockingQueue.java:435)
  java.base@21-internal/java.util.concurrent.ThreadPoolExecutor.getTask(ThreadPoolExecutor.java:1070)
  java.base@21-internal/java.util.concurrent.ThreadPoolExecutor.runWorker(ThreadPoolExecutor.java:1130)
  java.base@21-internal/java.util.concurrent.ThreadPoolExecutor$Worker.run(ThreadPoolExecutor.java:642)
  java.base@21-internal/java.lang.Thread.runWith(Thread.java:1596)
  java.base@21-internal/java.lang.Thread.run(Thread.java:1583)

Thread[#83,PublishDir-8,5,main]
  java.base@21-internal/jdk.internal.misc.Unsafe.park(Native Method)
  java.base@21-internal/java.util.concurrent.locks.LockSupport.park(LockSupport.java:371)
  java.base@21-internal/java.util.concurrent.locks.AbstractQueuedSynchronizer$ConditionNode.block(AbstractQueuedSynchronizer.java:519)
  java.base@21-internal/java.util.concurrent.ForkJoinPool.unmanagedBlock(ForkJoinPool.java:3780)
  java.base@21-internal/java.util.concurrent.ForkJoinPool.managedBlock(ForkJoinPool.java:3725)
  java.base@21-internal/java.util.concurrent.locks.AbstractQueuedSynchronizer$ConditionObject.await(AbstractQueuedSynchronizer.java:1707)
  java.base@21-internal/java.util.concurrent.LinkedBlockingQueue.take(LinkedBlockingQueue.java:435)
  java.base@21-internal/java.util.concurrent.ThreadPoolExecutor.getTask(ThreadPoolExecutor.java:1070)
  java.base@21-internal/java.util.concurrent.ThreadPoolExecutor.runWorker(ThreadPoolExecutor.java:1130)
  java.base@21-internal/java.util.concurrent.ThreadPoolExecutor$Worker.run(ThreadPoolExecutor.java:642)
  java.base@21-internal/java.lang.Thread.runWith(Thread.java:1596)
  java.base@21-internal/java.lang.Thread.run(Thread.java:1583)

Thread[#69,Actor Thread 17,5,main]
  java.base@21-internal/jdk.internal.misc.Unsafe.park(Native Method)
  java.base@21-internal/java.util.concurrent.locks.LockSupport.parkNanos(LockSupport.java:269)
  java.base@21-internal/java.util.concurrent.SynchronousQueue$TransferStack.transfer(SynchronousQueue.java:401)
  java.base@21-internal/java.util.concurrent.SynchronousQueue.poll(SynchronousQueue.java:903)
  java.base@21-internal/java.util.concurrent.ThreadPoolExecutor.getTask(ThreadPoolExecutor.java:1069)
  java.base@21-internal/java.util.concurrent.ThreadPoolExecutor.runWorker(ThreadPoolExecutor.java:1130)
  java.base@21-internal/java.util.concurrent.ThreadPoolExecutor$Worker.run(ThreadPoolExecutor.java:642)
  java.base@21-internal/java.lang.Thread.runWith(Thread.java:1596)
  java.base@21-internal/java.lang.Thread.run(Thread.java:1583)

Mar-10 14:42:24.399 [main] DEBUG nextflow.Session - Session await > all processes finished
Mar-10 14:42:24.399 [main] DEBUG nextflow.Session - Session await > all barriers passed
Mar-10 14:42:24.410 [main] WARN  n.processor.TaskPollingMonitor - Killing running tasks (1)
Mar-10 14:42:24.426 [main] DEBUG n.trace.WorkflowStatsObserver - Workflow completed > WorkflowStats[succeededCount=0; failedCount=1; ignoredCount=0; cachedCount=14; pendingCount=0; submittedCount=1; runningCount=-1; retriesCount=0; abortedCount=1; succeedDuration=0ms; failedDuration=54.6s; cachedDuration=4h 2m 55s;loadCpus=-12; loadMemory=0; peakRunning=1; peakCpus=12; peakMemory=32 GB; ]
Mar-10 14:42:24.588 [main] DEBUG nextflow.cache.CacheDB - Closing CacheDB done
Mar-10 14:42:24.618 [main] DEBUG nextflow.script.ScriptRunner - > Execution complete -- Goodbye
